2013/09/13 00:21:57 [error] [exception.CHttpException.404] exception 'CHttpException' with message 'Unable to resolve the request "demo/horizontalForm".' in /var/www/_includes/yii-1.1.14/framework/web/CWebApplication.php:286
Stack trace:
#0 /var/www/_includes/yii-1.1.14/framework/web/CWebApplication.php(141): CWebApplication->runController('demo/horizontal...')
#1 /var/www/_includes/yii-1.1.14/framework/base/CApplication.php(180): CWebApplication->processRequest()
#2 /var/www/yiiBootstrapProject/index.php(13): CApplication->run()
#3 {main}
REQUEST_URI=/yiiBootstrapProject/index.php?r=demo/horizontalForm
HTTP_REFERER=http://webdev/yiiBootstrapProject/index.php
---
2013/09/13 00:24:00 [error] [exception.CHttpException.404] exception 'CHttpException' with message 'Unable to resolve the request "demo/gridView".' in /var/www/_includes/yii-1.1.14/framework/web/CWebApplication.php:286
Stack trace:
#0 /var/www/_includes/yii-1.1.14/framework/web/CWebApplication.php(141): CWebApplication->runController('demo/gridView')
#1 /var/www/_includes/yii-1.1.14/framework/base/CApplication.php(180): CWebApplication->processRequest()
#2 /var/www/yiiBootstrapProject/index.php(13): CApplication->run()
#3 {main}
REQUEST_URI=/yiiBootstrapProject/index.php/demo/gridView
HTTP_REFERER=http://webdev/yiiBootstrapProject/index.php
---
2013/09/13 00:24:00 [error] [exception.CHttpException.404] exception 'CHttpException' with message 'Unable to resolve the request "demo/ico/favicon.ico".' in /var/www/_includes/yii-1.1.14/framework/web/CWebApplication.php:286
Stack trace:
#0 /var/www/_includes/yii-1.1.14/framework/web/CWebApplication.php(141): CWebApplication->runController('demo/ico/favico...')
#1 /var/www/_includes/yii-1.1.14/framework/base/CApplication.php(180): CWebApplication->processRequest()
#2 /var/www/yiiBootstrapProject/index.php(13): CApplication->run()
#3 {main}
REQUEST_URI=/yiiBootstrapProject/index.php/demo/ico/favicon.ico
---
2013/09/13 00:24:08 [error] [exception.CHttpException.404] exception 'CHttpException' with message 'The system is unable to find the requested action "ico".' in /var/www/_includes/yii-1.1.14/framework/web/CController.php:483
Stack trace:
#0 /var/www/_includes/yii-1.1.14/framework/web/CController.php(270): CController->missingAction('ico')
#1 /var/www/_includes/yii-1.1.14/framework/web/CWebApplication.php(282): CController->run('ico')
#2 /var/www/_includes/yii-1.1.14/framework/web/CWebApplication.php(141): CWebApplication->runController('site/ico/favico...')
#3 /var/www/_includes/yii-1.1.14/framework/base/CApplication.php(180): CWebApplication->processRequest()
#4 /var/www/yiiBootstrapProject/index.php(13): CApplication->run()
#5 {main}
REQUEST_URI=/yiiBootstrapProject/index.php/site/ico/favicon.ico
---
2013/09/13 00:28:27 [error] [exception.CHttpException.404] exception 'CHttpException' with message 'Unable to resolve the request "demo/gridView".' in /var/www/_includes/yii-1.1.14/framework/web/CWebApplication.php:286
Stack trace:
#0 /var/www/_includes/yii-1.1.14/framework/web/CWebApplication.php(141): CWebApplication->runController('demo/gridView')
#1 /var/www/_includes/yii-1.1.14/framework/base/CApplication.php(180): CWebApplication->processRequest()
#2 /var/www/yiiBootstrapProject/index.php(13): CApplication->run()
#3 {main}
REQUEST_URI=/yiiBootstrapProject/demo/gridView
HTTP_REFERER=http://webdev/yiiBootstrapProject/index.php
---
2013/09/13 00:28:27 [error] [exception.CHttpException.404] exception 'CHttpException' with message 'Unable to resolve the request "demo/ico/favicon.ico".' in /var/www/_includes/yii-1.1.14/framework/web/CWebApplication.php:286
Stack trace:
#0 /var/www/_includes/yii-1.1.14/framework/web/CWebApplication.php(141): CWebApplication->runController('demo/ico/favico...')
#1 /var/www/_includes/yii-1.1.14/framework/base/CApplication.php(180): CWebApplication->processRequest()
#2 /var/www/yiiBootstrapProject/index.php(13): CApplication->run()
#3 {main}
REQUEST_URI=/yiiBootstrapProject/demo/ico/favicon.ico
---
2013/09/13 00:28:30 [error] [exception.CHttpException.404] exception 'CHttpException' with message 'The system is unable to find the requested action "ico".' in /var/www/_includes/yii-1.1.14/framework/web/CController.php:483
Stack trace:
#0 /var/www/_includes/yii-1.1.14/framework/web/CController.php(270): CController->missingAction('ico')
#1 /var/www/_includes/yii-1.1.14/framework/web/CWebApplication.php(282): CController->run('ico')
#2 /var/www/_includes/yii-1.1.14/framework/web/CWebApplication.php(141): CWebApplication->runController('site/ico/favico...')
#3 /var/www/_includes/yii-1.1.14/framework/base/CApplication.php(180): CWebApplication->processRequest()
#4 /var/www/yiiBootstrapProject/index.php(13): CApplication->run()
#5 {main}
REQUEST_URI=/yiiBootstrapProject/site/ico/favicon.ico
---
2013/09/13 00:29:41 [error] [exception.CHttpException.404] exception 'CHttpException' with message 'The system is unable to find the requested action "index".' in /var/www/_includes/yii-1.1.14/framework/web/CController.php:483
Stack trace:
#0 /var/www/_includes/yii-1.1.14/framework/web/CController.php(270): CController->missingAction('')
#1 /var/www/_includes/yii-1.1.14/framework/web/CWebApplication.php(282): CController->run('')
#2 /var/www/_includes/yii-1.1.14/framework/web/CWebApplication.php(141): CWebApplication->runController('demo')
#3 /var/www/_includes/yii-1.1.14/framework/base/CApplication.php(180): CWebApplication->processRequest()
#4 /var/www/yiiBootstrapProject/index.php(13): CApplication->run()
#5 {main}
REQUEST_URI=/yiiBootstrapProject/demo
HTTP_REFERER=http://webdev/yiiBootstrapProject/gii/controller/index
---
2013/09/13 00:34:46 [error] [php] Undefined index: class (/var/www/yiiBootstrapProject/themes/bootstrap3/views/widgets/BootstrapPanel.php:45)
Stack trace:
#0 /var/www/yiiBootstrapProject/protected/views/demo/panel.php(7): DemoController->beginWidget()
#1 /var/www/_includes/yii-1.1.14/framework/web/CBaseController.php(126): require()
#2 /var/www/_includes/yii-1.1.14/framework/web/CBaseController.php(95): DemoController->renderInternal()
#3 /var/www/_includes/yii-1.1.14/framework/web/CController.php(869): DemoController->renderFile()
#4 /var/www/_includes/yii-1.1.14/framework/web/CController.php(782): DemoController->renderPartial()
#5 /var/www/yiiBootstrapProject/protected/controllers/DemoController.php(22): DemoController->render()
#6 /var/www/_includes/yii-1.1.14/framework/web/actions/CInlineAction.php(49): DemoController->actionPanel()
#7 /var/www/_includes/yii-1.1.14/framework/web/CController.php(308): CInlineAction->runWithParams()
#8 /var/www/_includes/yii-1.1.14/framework/web/filters/CFilterChain.php(133): DemoController->runAction()
#9 /var/www/_includes/yii-1.1.14/framework/web/filters/CFilter.php(40): CFilterChain->run()
#10 /var/www/_includes/yii-1.1.14/framework/web/CController.php(1145): CAccessControlFilter->filter()
#11 /var/www/_includes/yii-1.1.14/framework/web/filters/CInlineFilter.php(58): DemoController->filterAccessControl()
#12 /var/www/_includes/yii-1.1.14/framework/web/filters/CFilterChain.php(130): CInlineFilter->filter()
#13 /var/www/_includes/yii-1.1.14/framework/web/CController.php(291): CFilterChain->run()
#14 /var/www/_includes/yii-1.1.14/framework/web/CController.php(265): DemoController->runActionWithFilters()
#15 /var/www/_includes/yii-1.1.14/framework/web/CWebApplication.php(282): DemoController->run()
#16 /var/www/_includes/yii-1.1.14/framework/web/CWebApplication.php(141): CWebApplication->runController()
#17 /var/www/_includes/yii-1.1.14/framework/base/CApplication.php(180): CWebApplication->processRequest()
#18 /var/www/yiiBootstrapProject/index.php(13): CWebApplication->run()
REQUEST_URI=/yiiBootstrapProject/demo/panel
in /var/www/yiiBootstrapProject/themes/bootstrap3/views/widgets/BootstrapPanel.php (45)
in /var/www/yiiBootstrapProject/protected/views/demo/panel.php (7)
in /var/www/yiiBootstrapProject/protected/controllers/DemoController.php (22)
2013/09/13 00:35:40 [error] [php] Undefined index: class (/var/www/yiiBootstrapProject/themes/bootstrap3/views/widgets/BootstrapPanel.php:45)
Stack trace:
#0 /var/www/yiiBootstrapProject/protected/views/demo/panel.php(7): DemoController->widget()
#1 /var/www/_includes/yii-1.1.14/framework/web/CBaseController.php(126): require()
#2 /var/www/_includes/yii-1.1.14/framework/web/CBaseController.php(95): DemoController->renderInternal()
#3 /var/www/_includes/yii-1.1.14/framework/web/CController.php(869): DemoController->renderFile()
#4 /var/www/_includes/yii-1.1.14/framework/web/CController.php(782): DemoController->renderPartial()
#5 /var/www/yiiBootstrapProject/protected/controllers/DemoController.php(22): DemoController->render()
#6 /var/www/_includes/yii-1.1.14/framework/web/actions/CInlineAction.php(49): DemoController->actionPanel()
#7 /var/www/_includes/yii-1.1.14/framework/web/CController.php(308): CInlineAction->runWithParams()
#8 /var/www/_includes/yii-1.1.14/framework/web/filters/CFilterChain.php(133): DemoController->runAction()
#9 /var/www/_includes/yii-1.1.14/framework/web/filters/CFilter.php(40): CFilterChain->run()
#10 /var/www/_includes/yii-1.1.14/framework/web/CController.php(1145): CAccessControlFilter->filter()
#11 /var/www/_includes/yii-1.1.14/framework/web/filters/CInlineFilter.php(58): DemoController->filterAccessControl()
#12 /var/www/_includes/yii-1.1.14/framework/web/filters/CFilterChain.php(130): CInlineFilter->filter()
#13 /var/www/_includes/yii-1.1.14/framework/web/CController.php(291): CFilterChain->run()
#14 /var/www/_includes/yii-1.1.14/framework/web/CController.php(265): DemoController->runActionWithFilters()
#15 /var/www/_includes/yii-1.1.14/framework/web/CWebApplication.php(282): DemoController->run()
#16 /var/www/_includes/yii-1.1.14/framework/web/CWebApplication.php(141): CWebApplication->runController()
#17 /var/www/_includes/yii-1.1.14/framework/base/CApplication.php(180): CWebApplication->processRequest()
#18 /var/www/yiiBootstrapProject/index.php(13): CWebApplication->run()
REQUEST_URI=/yiiBootstrapProject/demo/panel
in /var/www/yiiBootstrapProject/themes/bootstrap3/views/widgets/BootstrapPanel.php (45)
in /var/www/yiiBootstrapProject/protected/views/demo/panel.php (7)
in /var/www/yiiBootstrapProject/protected/controllers/DemoController.php (22)
2013/09/13 00:36:52 [error] [php] Undefined index: class (/var/www/yiiBootstrapProject/themes/bootstrap3/views/widgets/BootstrapPanel.php:45)
Stack trace:
#0 /var/www/yiiBootstrapProject/protected/views/demo/panel.php(7): DemoController->widget()
#1 /var/www/_includes/yii-1.1.14/framework/web/CBaseController.php(126): require()
#2 /var/www/_includes/yii-1.1.14/framework/web/CBaseController.php(95): DemoController->renderInternal()
#3 /var/www/_includes/yii-1.1.14/framework/web/CController.php(869): DemoController->renderFile()
#4 /var/www/_includes/yii-1.1.14/framework/web/CController.php(782): DemoController->renderPartial()
#5 /var/www/yiiBootstrapProject/protected/controllers/DemoController.php(22): DemoController->render()
#6 /var/www/_includes/yii-1.1.14/framework/web/actions/CInlineAction.php(49): DemoController->actionPanel()
#7 /var/www/_includes/yii-1.1.14/framework/web/CController.php(308): CInlineAction->runWithParams()
#8 /var/www/_includes/yii-1.1.14/framework/web/filters/CFilterChain.php(133): DemoController->runAction()
#9 /var/www/_includes/yii-1.1.14/framework/web/filters/CFilter.php(40): CFilterChain->run()
#10 /var/www/_includes/yii-1.1.14/framework/web/CController.php(1145): CAccessControlFilter->filter()
#11 /var/www/_includes/yii-1.1.14/framework/web/filters/CInlineFilter.php(58): DemoController->filterAccessControl()
#12 /var/www/_includes/yii-1.1.14/framework/web/filters/CFilterChain.php(130): CInlineFilter->filter()
#13 /var/www/_includes/yii-1.1.14/framework/web/CController.php(291): CFilterChain->run()
#14 /var/www/_includes/yii-1.1.14/framework/web/CController.php(265): DemoController->runActionWithFilters()
#15 /var/www/_includes/yii-1.1.14/framework/web/CWebApplication.php(282): DemoController->run()
#16 /var/www/_includes/yii-1.1.14/framework/web/CWebApplication.php(141): CWebApplication->runController()
#17 /var/www/_includes/yii-1.1.14/framework/base/CApplication.php(180): CWebApplication->processRequest()
#18 /var/www/yiiBootstrapProject/index.php(13): CWebApplication->run()
REQUEST_URI=/yiiBootstrapProject/demo/panel
in /var/www/yiiBootstrapProject/themes/bootstrap3/views/widgets/BootstrapPanel.php (45)
in /var/www/yiiBootstrapProject/protected/views/demo/panel.php (7)
in /var/www/yiiBootstrapProject/protected/controllers/DemoController.php (22)
2013/09/13 00:37:37 [error] [exception.CException] exception 'CException' with message 'DemoController has an extra endWidget() call in its view.' in /var/www/_includes/yii-1.1.14/framework/web/CBaseController.php:210
Stack trace:
#0 /var/www/yiiBootstrapProject/protected/views/demo/panel.php(9): CBaseController->endWidget()
#1 /var/www/_includes/yii-1.1.14/framework/web/CBaseController.php(126): require('/var/www/yiiBoo...')
#2 /var/www/_includes/yii-1.1.14/framework/web/CBaseController.php(95): CBaseController->renderInternal('/var/www/yiiBoo...', NULL, true)
#3 /var/www/_includes/yii-1.1.14/framework/web/CController.php(869): CBaseController->renderFile('/var/www/yiiBoo...', NULL, true)
#4 /var/www/_includes/yii-1.1.14/framework/web/CController.php(782): CController->renderPartial('panel', NULL, true)
#5 /var/www/yiiBootstrapProject/protected/controllers/DemoController.php(22): CController->render('panel')
#6 /var/www/_includes/yii-1.1.14/framework/web/actions/CInlineAction.php(49): DemoController->actionPanel()
#7 /var/www/_includes/yii-1.1.14/framework/web/CController.php(308): CInlineAction->runWithParams(Array)
#8 /var/www/_includes/yii-1.1.14/framework/web/filters/CFilterChain.php(133): CController->runAction(Object(CInlineAction))
#9 /var/www/_includes/yii-1.1.14/framework/web/filters/CFilter.php(40): CFilterChain->run()
#10 /var/www/_includes/yii-1.1.14/framework/web/CController.php(1145): CFilter->filter(Object(CFilterChain))
#11 /var/www/_includes/yii-1.1.14/framework/web/filters/CInlineFilter.php(58): CController->filterAccessControl(Object(CFilterChain))
#12 /var/www/_includes/yii-1.1.14/framework/web/filters/CFilterChain.php(130): CInlineFilter->filter(Object(CFilterChain))
#13 /var/www/_includes/yii-1.1.14/framework/web/CController.php(291): CFilterChain->run()
#14 /var/www/_includes/yii-1.1.14/framework/web/CController.php(265): CController->runActionWithFilters(Object(CInlineAction), Array)
#15 /var/www/_includes/yii-1.1.14/framework/web/CWebApplication.php(282): CController->run('panel')
#16 /var/www/_includes/yii-1.1.14/framework/web/CWebApplication.php(141): CWebApplication->runController('demo/panel')
#17 /var/www/_includes/yii-1.1.14/framework/base/CApplication.php(180): CWebApplication->processRequest()
#18 /var/www/yiiBootstrapProject/index.php(13): CApplication->run()
#19 {main}
REQUEST_URI=/yiiBootstrapProject/demo/panel
HTTP_REFERER=http://webdev/yiiBootstrapProject/demo/gridView
---
2013/09/13 00:50:22 [error] [exception.CHttpException.404] exception 'CHttpException' with message 'The system is unable to find the requested action "index".' in /var/www/_includes/yii-1.1.14/framework/web/CController.php:483
Stack trace:
#0 /var/www/_includes/yii-1.1.14/framework/web/CController.php(270): CController->missingAction('')
#1 /var/www/_includes/yii-1.1.14/framework/web/CWebApplication.php(282): CController->run('')
#2 /var/www/_includes/yii-1.1.14/framework/web/CWebApplication.php(141): CWebApplication->runController('demo')
#3 /var/www/_includes/yii-1.1.14/framework/base/CApplication.php(180): CWebApplication->processRequest()
#4 /var/www/yiiBootstrapProject/index.php(13): CApplication->run()
#5 {main}
REQUEST_URI=/yiiBootstrapProject/demo
HTTP_REFERER=http://webdev/yiiBootstrapProject/gii/controller/index
---
2013/09/13 00:52:42 [error] [php] Undefined index: class (/var/www/yiiBootstrapProject/themes/bootstrap3/views/widgets/BHtml.php:101)
Stack trace:
#0 /var/www/_includes/yii-1.1.14/framework/web/CBaseController.php(95): DemoController->renderInternal()
#1 /var/www/_includes/yii-1.1.14/framework/web/CController.php(869): DemoController->renderFile()
#2 /var/www/_includes/yii-1.1.14/framework/web/CController.php(782): DemoController->renderPartial()
#3 /var/www/yiiBootstrapProject/protected/controllers/DemoController.php(22): DemoController->render()
#4 /var/www/_includes/yii-1.1.14/framework/web/actions/CInlineAction.php(49): DemoController->actionPanel()
#5 /var/www/_includes/yii-1.1.14/framework/web/CController.php(308): CInlineAction->runWithParams()
#6 /var/www/_includes/yii-1.1.14/framework/web/filters/CFilterChain.php(133): DemoController->runAction()
#7 /var/www/_includes/yii-1.1.14/framework/web/filters/CFilter.php(40): CFilterChain->run()
#8 /var/www/_includes/yii-1.1.14/framework/web/CController.php(1145): CAccessControlFilter->filter()
#9 /var/www/_includes/yii-1.1.14/framework/web/filters/CInlineFilter.php(58): DemoController->filterAccessControl()
#10 /var/www/_includes/yii-1.1.14/framework/web/filters/CFilterChain.php(130): CInlineFilter->filter()
#11 /var/www/_includes/yii-1.1.14/framework/web/CController.php(291): CFilterChain->run()
#12 /var/www/_includes/yii-1.1.14/framework/web/CController.php(265): DemoController->runActionWithFilters()
#13 /var/www/_includes/yii-1.1.14/framework/web/CWebApplication.php(282): DemoController->run()
#14 /var/www/_includes/yii-1.1.14/framework/web/CWebApplication.php(141): CWebApplication->runController()
#15 /var/www/_includes/yii-1.1.14/framework/base/CApplication.php(180): CWebApplication->processRequest()
#16 /var/www/yiiBootstrapProject/index.php(13): CWebApplication->run()
REQUEST_URI=/yiiBootstrapProject/demo/panel
in /var/www/yiiBootstrapProject/themes/bootstrap3/views/widgets/BHtml.php (101)
in /var/www/yiiBootstrapProject/protected/views/demo/panel.php (49)
in /var/www/yiiBootstrapProject/protected/controllers/DemoController.php (22)
2013/09/13 23:49:25 [error] [exception.CHttpException.404] exception 'CHttpException' with message 'Unable to resolve the request "ico/favicon.ico".' in /var/www/_includes/yii-1.1.14/framework/web/CWebApplication.php:286
Stack trace:
#0 /var/www/_includes/yii-1.1.14/framework/web/CWebApplication.php(141): CWebApplication->runController('ico/favicon.ico')
#1 /var/www/_includes/yii-1.1.14/framework/base/CApplication.php(180): CWebApplication->processRequest()
#2 /var/www/yiiBootstrapProject/index.php(13): CApplication->run()
#3 {main}
REQUEST_URI=/yiiBootstrapProject/ico/favicon.ico
---
2013/09/13 23:49:32 [error] [exception.CHttpException.404] exception 'CHttpException' with message 'The system is unable to find the requested action "ico".' in /var/www/_includes/yii-1.1.14/framework/web/CController.php:483
Stack trace:
#0 /var/www/_includes/yii-1.1.14/framework/web/CController.php(270): CController->missingAction('ico')
#1 /var/www/_includes/yii-1.1.14/framework/web/CWebApplication.php(282): CController->run('ico')
#2 /var/www/_includes/yii-1.1.14/framework/web/CWebApplication.php(141): CWebApplication->runController('demo/ico/favico...')
#3 /var/www/_includes/yii-1.1.14/framework/base/CApplication.php(180): CWebApplication->processRequest()
#4 /var/www/yiiBootstrapProject/index.php(13): CApplication->run()
#5 {main}
REQUEST_URI=/yiiBootstrapProject/demo/ico/favicon.ico
---
2013/09/13 23:52:01 [error] [exception.CHttpException.404] exception 'CHttpException' with message 'The system is unable to find the requested action "ico".' in /var/www/_includes/yii-1.1.14/framework/web/CController.php:483
Stack trace:
#0 /var/www/_includes/yii-1.1.14/framework/web/CController.php(270): CController->missingAction('ico')
#1 /var/www/_includes/yii-1.1.14/framework/web/CWebApplication.php(282): CController->run('ico')
#2 /var/www/_includes/yii-1.1.14/framework/web/CWebApplication.php(141): CWebApplication->runController('site/ico/favico...')
#3 /var/www/_includes/yii-1.1.14/framework/base/CApplication.php(180): CWebApplication->processRequest()
#4 /var/www/yiiBootstrapProject/index.php(13): CApplication->run()
#5 {main}
REQUEST_URI=/yiiBootstrapProject/site/ico/favicon.ico
---
2013/09/13 23:57:28 [error] [exception.CException] exception 'CException' with message 'Property "GiiModule.generatorPath" is not defined.' in /var/www/_includes/yii-1.1.14/framework/base/CComponent.php:173
Stack trace:
#0 /var/www/_includes/yii-1.1.14/framework/base/CModule.php(513): CComponent->__set('generatorPath', 'webroot.themes....')
#1 /var/www/_includes/yii-1.1.14/framework/base/CModule.php(86): CModule->configure(Array)
#2 /var/www/_includes/yii-1.1.14/framework/YiiBase.php(206): CModule->__construct('gii', NULL, Array)
#3 /var/www/_includes/yii-1.1.14/framework/base/CModule.php(282): YiiBase::createComponent('system.gii.GiiM...', 'gii', NULL, Array)
#4 /var/www/_includes/yii-1.1.14/framework/web/CWebApplication.php(337): CModule->getModule('gii')
#5 /var/www/_includes/yii-1.1.14/framework/web/CWebApplication.php(276): CWebApplication->createController('gii')
#6 /var/www/_includes/yii-1.1.14/framework/web/CWebApplication.php(141): CWebApplication->runController('gii')
#7 /var/www/_includes/yii-1.1.14/framework/base/CApplication.php(180): CWebApplication->processRequest()
#8 /var/www/yiiBootstrapProject/index.php(13): CApplication->run()
#9 {main}
REQUEST_URI=/yiiBootstrapProject/gii
---
2013/09/13 23:58:10 [error] [exception.CDbException] exception 'CDbException' with message 'CDbConnection failed to open the DB connection: SQLSTATE[HY000] [2002] Can't connect to local MySQL server through socket '/var/run/mysqld/mysqld.sock' (2)' in /var/www/_includes/yii-1.1.14/framework/db/CDbConnection.php:382
Stack trace:
#0 /var/www/_includes/yii-1.1.14/framework/db/CDbConnection.php(330): CDbConnection->open()
#1 /var/www/_includes/yii-1.1.14/framework/db/CDbConnection.php(308): CDbConnection->setActive(true)
#2 /var/www/_includes/yii-1.1.14/framework/base/CModule.php(387): CDbConnection->init()
#3 /var/www/_includes/yii-1.1.14/framework/base/CModule.php(103): CModule->getComponent('db')
#4 /var/www/_includes/yii-1.1.14/framework/gii/generators/crud/CrudCode.php(44): CModule->__get('db')
#5 /var/www/_includes/yii-1.1.14/framework/web/CFormModel.php(39): CrudCode->init()
#6 /var/www/_includes/yii-1.1.14/framework/gii/CCodeGenerator.php(153): CFormModel->__construct()
#7 /var/www/_includes/yii-1.1.14/framework/gii/CCodeGenerator.php(63): CCodeGenerator->prepare()
#8 /var/www/_includes/yii-1.1.14/framework/web/actions/CInlineAction.php(49): CCodeGenerator->actionIndex()
#9 /var/www/_includes/yii-1.1.14/framework/web/CController.php(308): CInlineAction->runWithParams(Array)
#10 /var/www/_includes/yii-1.1.14/framework/web/CController.php(286): CController->runAction(Object(CInlineAction))
#11 /var/www/_includes/yii-1.1.14/framework/web/CController.php(265): CController->runActionWithFilters(Object(CInlineAction), Array)
#12 /var/www/_includes/yii-1.1.14/framework/web/CWebApplication.php(282): CController->run('index')
#13 /var/www/_includes/yii-1.1.14/framework/web/CWebApplication.php(141): CWebApplication->runController('gii/crud/index')
#14 /var/www/_includes/yii-1.1.14/framework/base/CApplication.php(180): CWebApplication->processRequest()
#15 /var/www/yiiBootstrapProject/index.php(13): CApplication->run()
#16 {main}
REQUEST_URI=/yiiBootstrapProject/gii/crud/index
HTTP_REFERER=http://webdev/yiiBootstrapProject/gii/default/index
---
2013/09/13 23:58:32 [error] [exception.CDbException] exception 'CDbException' with message 'CDbConnection failed to open the DB connection: SQLSTATE[HY000] [2002] Can't connect to local MySQL server through socket '/var/run/mysqld/mysqld.sock' (2)' in /var/www/_includes/yii-1.1.14/framework/db/CDbConnection.php:382
Stack trace:
#0 /var/www/_includes/yii-1.1.14/framework/db/CDbConnection.php(330): CDbConnection->open()
#1 /var/www/_includes/yii-1.1.14/framework/db/CDbConnection.php(308): CDbConnection->setActive(true)
#2 /var/www/_includes/yii-1.1.14/framework/base/CModule.php(387): CDbConnection->init()
#3 /var/www/_includes/yii-1.1.14/framework/base/CModule.php(103): CModule->getComponent('db')
#4 /var/www/_includes/yii-1.1.14/framework/gii/generators/model/ModelCode.php(60): CModule->__get('db')
#5 /var/www/_includes/yii-1.1.14/framework/web/CFormModel.php(39): ModelCode->init()
#6 /var/www/_includes/yii-1.1.14/framework/gii/CCodeGenerator.php(153): CFormModel->__construct()
#7 /var/www/_includes/yii-1.1.14/framework/gii/CCodeGenerator.php(63): CCodeGenerator->prepare()
#8 /var/www/_includes/yii-1.1.14/framework/web/actions/CInlineAction.php(49): CCodeGenerator->actionIndex()
#9 /var/www/_includes/yii-1.1.14/framework/web/CController.php(308): CInlineAction->runWithParams(Array)
#10 /var/www/_includes/yii-1.1.14/framework/web/CController.php(286): CController->runAction(Object(CInlineAction))
#11 /var/www/_includes/yii-1.1.14/framework/web/CController.php(265): CController->runActionWithFilters(Object(CInlineAction), Array)
#12 /var/www/_includes/yii-1.1.14/framework/web/CWebApplication.php(282): CController->run('index')
#13 /var/www/_includes/yii-1.1.14/framework/web/CWebApplication.php(141): CWebApplication->runController('gii/model/index')
#14 /var/www/_includes/yii-1.1.14/framework/base/CApplication.php(180): CWebApplication->processRequest()
#15 /var/www/yiiBootstrapProject/index.php(13): CApplication->run()
#16 {main}
REQUEST_URI=/yiiBootstrapProject/gii/model/index
HTTP_REFERER=http://webdev/yiiBootstrapProject/gii/default/index
---
2013/09/14 00:29:58 [trace] [system.CModule] Loading "log" application component
in /var/www/YiiBootstrap3Project/index.php (16)
2013/09/14 00:29:58 [trace] [system.CModule] Loading "request" application component
in /var/www/YiiBootstrap3Project/index.php (16)
2013/09/14 00:29:58 [trace] [system.CModule] Loading "urlManager" application component
in /var/www/YiiBootstrap3Project/index.php (16)
2013/09/14 00:29:58 [trace] [system.web.filters.CFilterChain] Running filter DemoController.filteraccessControl()
in /var/www/YiiBootstrap3Project/index.php (16)
2013/09/14 00:29:58 [trace] [system.CModule] Loading "user" application component
in /var/www/YiiBootstrap3Project/index.php (16)
2013/09/14 00:29:58 [trace] [system.CModule] Loading "session" application component
in /var/www/YiiBootstrap3Project/index.php (16)
2013/09/14 00:29:58 [trace] [system.CModule] Loading "coreMessages" application component
in /var/www/YiiBootstrap3Project/index.php (16)
2013/09/14 00:30:04 [trace] [system.CModule] Loading "log" application component
in /var/www/YiiBootstrap3Project/index.php (16)
2013/09/14 00:30:04 [trace] [system.CModule] Loading "request" application component
in /var/www/YiiBootstrap3Project/index.php (16)
2013/09/14 00:30:04 [trace] [system.CModule] Loading "urlManager" application component
in /var/www/YiiBootstrap3Project/index.php (16)
2013/09/14 00:30:04 [trace] [system.web.filters.CFilterChain] Running filter DemoController.filteraccessControl()
in /var/www/YiiBootstrap3Project/index.php (16)
2013/09/14 00:30:04 [trace] [system.CModule] Loading "user" application component
in /var/www/YiiBootstrap3Project/index.php (16)
2013/09/14 00:30:04 [trace] [system.CModule] Loading "session" application component
in /var/www/YiiBootstrap3Project/index.php (16)
2013/09/14 00:30:04 [trace] [system.CModule] Loading "coreMessages" application component
in /var/www/YiiBootstrap3Project/index.php (16)
2013/09/14 00:31:14 [trace] [system.CModule] Loading "log" application component
in /var/www/YiiBootstrap3Project/index.php (16)
2013/09/14 00:31:14 [trace] [system.CModule] Loading "request" application component
in /var/www/YiiBootstrap3Project/index.php (16)
2013/09/14 00:31:14 [trace] [system.CModule] Loading "urlManager" application component
in /var/www/YiiBootstrap3Project/index.php (16)
2013/09/14 00:31:26 [trace] [system.CModule] Loading "log" application component
in /var/www/YiiBootstrap3Project/index.php (16)
2013/09/14 00:31:26 [trace] [system.CModule] Loading "request" application component
in /var/www/YiiBootstrap3Project/index.php (16)
2013/09/14 00:31:26 [trace] [system.CModule] Loading "urlManager" application component
in /var/www/YiiBootstrap3Project/index.php (16)
2013/09/14 00:32:09 [trace] [system.CModule] Loading "log" application component
in /var/www/YiiBootstrap3Project/index.php (16)
2013/09/14 00:32:09 [trace] [system.CModule] Loading "request" application component
in /var/www/YiiBootstrap3Project/index.php (16)
2013/09/14 00:32:09 [trace] [system.CModule] Loading "urlManager" application component
in /var/www/YiiBootstrap3Project/index.php (16)
2013/09/14 00:32:09 [trace] [system.web.filters.CFilterChain] Running filter DemoController.filteraccessControl()
in /var/www/YiiBootstrap3Project/index.php (16)
2013/09/14 00:32:09 [trace] [system.CModule] Loading "user" application component
in /var/www/YiiBootstrap3Project/index.php (16)
2013/09/14 00:32:09 [trace] [system.CModule] Loading "session" application component
in /var/www/YiiBootstrap3Project/index.php (16)
2013/09/14 00:32:09 [trace] [system.CModule] Loading "coreMessages" application component
in /var/www/YiiBootstrap3Project/index.php (16)
2013/09/14 00:32:21 [trace] [system.CModule] Loading "log" application component
in /var/www/YiiBootstrap3Project/index.php (16)
2013/09/14 00:32:21 [trace] [system.CModule] Loading "request" application component
in /var/www/YiiBootstrap3Project/index.php (16)
2013/09/14 00:32:21 [trace] [system.CModule] Loading "urlManager" application component
in /var/www/YiiBootstrap3Project/index.php (16)
2013/09/14 00:32:21 [trace] [system.web.filters.CFilterChain] Running filter DemoController.filteraccessControl()
in /var/www/YiiBootstrap3Project/index.php (16)
2013/09/14 00:32:21 [trace] [system.CModule] Loading "user" application component
in /var/www/YiiBootstrap3Project/index.php (16)
2013/09/14 00:32:21 [trace] [system.CModule] Loading "session" application component
in /var/www/YiiBootstrap3Project/index.php (16)
2013/09/14 00:32:21 [trace] [system.CModule] Loading "coreMessages" application component
in /var/www/YiiBootstrap3Project/index.php (16)
2013/09/14 00:32:43 [trace] [system.CModule] Loading "log" application component
in /var/www/YiiBootstrap3Project/index.php (16)
2013/09/14 00:32:43 [trace] [system.CModule] Loading "request" application component
in /var/www/YiiBootstrap3Project/index.php (16)
2013/09/14 00:32:43 [trace] [system.CModule] Loading "urlManager" application component
in /var/www/YiiBootstrap3Project/index.php (16)
2013/09/14 00:32:43 [trace] [system.web.filters.CFilterChain] Running filter SiteController.filteraccessControl()
in /var/www/YiiBootstrap3Project/index.php (16)
2013/09/14 00:32:43 [trace] [system.CModule] Loading "user" application component
in /var/www/YiiBootstrap3Project/index.php (16)
2013/09/14 00:32:43 [trace] [system.CModule] Loading "session" application component
in /var/www/YiiBootstrap3Project/index.php (16)
2013/09/14 00:32:43 [trace] [system.CModule] Loading "themeManager" application component
in /var/www/YiiBootstrap3Project/protected/controllers/SiteController.php (99)
in /var/www/YiiBootstrap3Project/index.php (16)
2013/09/14 00:32:43 [trace] [system.CModule] Loading "widgetFactory" application component
in /var/www/YiiBootstrap3Project/protected/views/site/login.php (15)
in /var/www/YiiBootstrap3Project/protected/controllers/SiteController.php (99)
in /var/www/YiiBootstrap3Project/index.php (16)
2013/09/14 00:32:43 [trace] [system.CModule] Loading "messages" application component
in /var/www/YiiBootstrap3Project/protected/views/site/login.php (17)
in /var/www/YiiBootstrap3Project/protected/controllers/SiteController.php (99)
in /var/www/YiiBootstrap3Project/index.php (16)
2013/09/14 00:32:43 [trace] [system.CModule] Loading "clientScript" application component
in /var/www/YiiBootstrap3Project/protected/views/site/login.php (28)
in /var/www/YiiBootstrap3Project/protected/controllers/SiteController.php (99)
in /var/www/YiiBootstrap3Project/index.php (16)
2013/09/14 00:32:59 [trace] [system.CModule] Loading "log" application component
in /var/www/YiiBootstrap3Project/index.php (16)
2013/09/14 00:32:59 [trace] [system.CModule] Loading "request" application component
in /var/www/YiiBootstrap3Project/index.php (16)
2013/09/14 00:32:59 [trace] [system.CModule] Loading "urlManager" application component
in /var/www/YiiBootstrap3Project/index.php (16)
2013/09/14 00:32:59 [trace] [system.web.filters.CFilterChain] Running filter SiteController.filteraccessControl()
in /var/www/YiiBootstrap3Project/index.php (16)
2013/09/14 00:32:59 [trace] [system.CModule] Loading "user" application component
in /var/www/YiiBootstrap3Project/index.php (16)
2013/09/14 00:32:59 [trace] [system.CModule] Loading "session" application component
in /var/www/YiiBootstrap3Project/index.php (16)
2013/09/14 00:32:59 [trace] [system.CModule] Loading "themeManager" application component
in /var/www/YiiBootstrap3Project/protected/controllers/SiteController.php (99)
in /var/www/YiiBootstrap3Project/index.php (16)
2013/09/14 00:32:59 [trace] [system.CModule] Loading "widgetFactory" application component
in /var/www/YiiBootstrap3Project/protected/views/site/login.php (15)
in /var/www/YiiBootstrap3Project/protected/controllers/SiteController.php (99)
in /var/www/YiiBootstrap3Project/index.php (16)
2013/09/14 00:32:59 [trace] [system.CModule] Loading "messages" application component
in /var/www/YiiBootstrap3Project/protected/views/site/login.php (17)
in /var/www/YiiBootstrap3Project/protected/controllers/SiteController.php (99)
in /var/www/YiiBootstrap3Project/index.php (16)
2013/09/14 00:32:59 [trace] [system.CModule] Loading "clientScript" application component
in /var/www/YiiBootstrap3Project/protected/views/site/login.php (28)
in /var/www/YiiBootstrap3Project/protected/controllers/SiteController.php (99)
in /var/www/YiiBootstrap3Project/index.php (16)
2013/09/14 00:33:00 [error] [exception.CHttpException.404] exception 'CHttpException' with message 'The system is unable to find the requested action "ico".' in /var/www/_includes/yii-1.1.14/framework/web/CController.php:483
Stack trace:
#0 /var/www/_includes/yii-1.1.14/framework/web/CController.php(270): CController->missingAction('ico')
#1 /var/www/_includes/yii-1.1.14/framework/web/CWebApplication.php(282): CController->run('ico')
#2 /var/www/_includes/yii-1.1.14/framework/web/CWebApplication.php(141): CWebApplication->runController('site/ico/favico...')
#3 /var/www/_includes/yii-1.1.14/framework/base/CApplication.php(180): CWebApplication->processRequest()
#4 /var/www/YiiBootstrap3Project/index.php(16): CApplication->run()
#5 {main}
REQUEST_URI=/YiiBootstrap3Project/site/ico/favicon.ico
---
2013/09/14 00:33:00 [trace] [system.CModule] Loading "log" application component
in /var/www/YiiBootstrap3Project/index.php (16)
2013/09/14 00:33:00 [trace] [system.CModule] Loading "request" application component
in /var/www/YiiBootstrap3Project/index.php (16)
2013/09/14 00:33:00 [trace] [system.CModule] Loading "urlManager" application component
in /var/www/YiiBootstrap3Project/index.php (16)
2013/09/14 00:33:00 [trace] [system.CModule] Loading "coreMessages" application component
in /var/www/YiiBootstrap3Project/index.php (16)
2013/09/14 00:33:00 [error] [exception.CHttpException.404] exception 'CHttpException' with message 'The system is unable to find the requested action "ico".' in /var/www/_includes/yii-1.1.14/framework/web/CController.php:483
Stack trace:
#0 /var/www/_includes/yii-1.1.14/framework/web/CController.php(270): CController->missingAction('ico')
#1 /var/www/_includes/yii-1.1.14/framework/web/CWebApplication.php(282): CController->run('ico')
#2 /var/www/_includes/yii-1.1.14/framework/web/CWebApplication.php(141): CWebApplication->runController('site/ico/favico...')
#3 /var/www/_includes/yii-1.1.14/framework/base/CApplication.php(180): CWebApplication->processRequest()
#4 /var/www/YiiBootstrap3Project/index.php(16): CApplication->run()
#5 {main}
REQUEST_URI=/YiiBootstrap3Project/site/ico/favicon.ico
---
2013/09/14 00:33:00 [trace] [system.CModule] Loading "errorHandler" application component
2013/09/14 00:33:00 [trace] [system.web.filters.CFilterChain] Running filter SiteController.filteraccessControl()
2013/09/14 00:33:00 [trace] [system.CModule] Loading "user" application component
2013/09/14 00:33:00 [trace] [system.CModule] Loading "session" application component
2013/09/14 00:33:00 [trace] [system.CModule] Loading "themeManager" application component
in /var/www/YiiBootstrap3Project/protected/controllers/SiteController.php (45)
2013/09/14 00:33:00 [trace] [system.CModule] Loading "clientScript" application component
in /var/www/YiiBootstrap3Project/protected/controllers/SiteController.php (45)
2013/09/14 00:33:11 [trace] [system.CModule] Loading "log" application component
in /var/www/YiiBootstrap3Project/index.php (16)
2013/09/14 00:33:11 [trace] [system.CModule] Loading "request" application component
in /var/www/YiiBootstrap3Project/index.php (16)
2013/09/14 00:33:11 [trace] [system.CModule] Loading "urlManager" application component
in /var/www/YiiBootstrap3Project/index.php (16)
2013/09/14 00:33:11 [trace] [system.web.filters.CFilterChain] Running filter SiteController.filteraccessControl()
in /var/www/YiiBootstrap3Project/index.php (16)
2013/09/14 00:33:11 [trace] [system.CModule] Loading "user" application component
in /var/www/YiiBootstrap3Project/index.php (16)
2013/09/14 00:33:11 [trace] [system.CModule] Loading "session" application component
in /var/www/YiiBootstrap3Project/index.php (16)
2013/09/14 00:33:11 [trace] [system.CModule] Loading "log" application component
in /var/www/YiiBootstrap3Project/index.php (16)
2013/09/14 00:33:11 [trace] [system.CModule] Loading "request" application component
in /var/www/YiiBootstrap3Project/index.php (16)
2013/09/14 00:33:11 [trace] [system.CModule] Loading "urlManager" application component
in /var/www/YiiBootstrap3Project/index.php (16)
2013/09/14 00:33:11 [trace] [system.web.filters.CFilterChain] Running filter DemoController.filteraccessControl()
in /var/www/YiiBootstrap3Project/index.php (16)
2013/09/14 00:33:11 [trace] [system.CModule] Loading "user" application component
in /var/www/YiiBootstrap3Project/index.php (16)
2013/09/14 00:33:11 [trace] [system.CModule] Loading "session" application component
in /var/www/YiiBootstrap3Project/index.php (16)
2013/09/14 00:33:11 [trace] [system.CModule] Loading "themeManager" application component
in /var/www/YiiBootstrap3Project/protected/controllers/DemoController.php (25)
in /var/www/YiiBootstrap3Project/index.php (16)
2013/09/14 00:33:11 [trace] [system.CModule] Loading "widgetFactory" application component
in /var/www/YiiBootstrap3Project/protected/views/demo/panel.php (10)
in /var/www/YiiBootstrap3Project/protected/controllers/DemoController.php (25)
in /var/www/YiiBootstrap3Project/index.php (16)
2013/09/14 00:33:11 [trace] [system.CModule] Loading "clientScript" application component
in /var/www/YiiBootstrap3Project/protected/controllers/DemoController.php (25)
in /var/www/YiiBootstrap3Project/index.php (16)
2013/09/14 00:33:12 [error] [exception.CHttpException.404] exception 'CHttpException' with message 'Unable to resolve the request "ico/favicon.ico".' in /var/www/_includes/yii-1.1.14/framework/web/CWebApplication.php:286
Stack trace:
#0 /var/www/_includes/yii-1.1.14/framework/web/CWebApplication.php(141): CWebApplication->runController('ico/favicon.ico')
#1 /var/www/_includes/yii-1.1.14/framework/base/CApplication.php(180): CWebApplication->processRequest()
#2 /var/www/YiiBootstrap3Project/index.php(16): CApplication->run()
#3 {main}
REQUEST_URI=/YiiBootstrap3Project/ico/favicon.ico
---
2013/09/14 00:33:12 [trace] [system.CModule] Loading "log" application component
in /var/www/YiiBootstrap3Project/index.php (16)
2013/09/14 00:33:12 [trace] [system.CModule] Loading "request" application component
in /var/www/YiiBootstrap3Project/index.php (16)
2013/09/14 00:33:12 [trace] [system.CModule] Loading "urlManager" application component
in /var/www/YiiBootstrap3Project/index.php (16)
2013/09/14 00:33:12 [trace] [system.CModule] Loading "coreMessages" application component
in /var/www/YiiBootstrap3Project/index.php (16)
2013/09/14 00:33:12 [error] [exception.CHttpException.404] exception 'CHttpException' with message 'Unable to resolve the request "ico/favicon.ico".' in /var/www/_includes/yii-1.1.14/framework/web/CWebApplication.php:286
Stack trace:
#0 /var/www/_includes/yii-1.1.14/framework/web/CWebApplication.php(141): CWebApplication->runController('ico/favicon.ico')
#1 /var/www/_includes/yii-1.1.14/framework/base/CApplication.php(180): CWebApplication->processRequest()
#2 /var/www/YiiBootstrap3Project/index.php(16): CApplication->run()
#3 {main}
REQUEST_URI=/YiiBootstrap3Project/ico/favicon.ico
---
2013/09/14 00:33:12 [trace] [system.CModule] Loading "errorHandler" application component
2013/09/14 00:33:12 [trace] [system.web.filters.CFilterChain] Running filter SiteController.filteraccessControl()
2013/09/14 00:33:12 [trace] [system.CModule] Loading "user" application component
2013/09/14 00:33:12 [trace] [system.CModule] Loading "session" application component
2013/09/14 00:33:12 [trace] [system.CModule] Loading "themeManager" application component
in /var/www/YiiBootstrap3Project/protected/controllers/SiteController.php (45)
2013/09/14 00:33:12 [trace] [system.CModule] Loading "clientScript" application component
in /var/www/YiiBootstrap3Project/protected/controllers/SiteController.php (45)
2013/09/14 00:33:13 [trace] [system.CModule] Loading "log" application component
in /var/www/YiiBootstrap3Project/index.php (16)
2013/09/14 00:33:13 [trace] [system.CModule] Loading "request" application component
in /var/www/YiiBootstrap3Project/index.php (16)
2013/09/14 00:33:13 [trace] [system.CModule] Loading "urlManager" application component
in /var/www/YiiBootstrap3Project/index.php (16)
2013/09/14 00:33:13 [trace] [system.web.filters.CFilterChain] Running filter DemoController.filteraccessControl()
in /var/www/YiiBootstrap3Project/index.php (16)
2013/09/14 00:33:13 [trace] [system.CModule] Loading "user" application component
in /var/www/YiiBootstrap3Project/index.php (16)
2013/09/14 00:33:13 [trace] [system.CModule] Loading "session" application component
in /var/www/YiiBootstrap3Project/index.php (16)
2013/09/14 00:33:13 [trace] [system.CModule] Loading "themeManager" application component
in /var/www/YiiBootstrap3Project/protected/controllers/DemoController.php (25)
in /var/www/YiiBootstrap3Project/index.php (16)
2013/09/14 00:33:13 [trace] [system.CModule] Loading "widgetFactory" application component
in /var/www/YiiBootstrap3Project/protected/views/demo/panel.php (10)
in /var/www/YiiBootstrap3Project/protected/controllers/DemoController.php (25)
in /var/www/YiiBootstrap3Project/index.php (16)
2013/09/14 00:33:13 [trace] [system.CModule] Loading "clientScript" application component
in /var/www/YiiBootstrap3Project/protected/controllers/DemoController.php (25)
in /var/www/YiiBootstrap3Project/index.php (16)
2013/09/14 00:33:13 [error] [exception.CHttpException.404] exception 'CHttpException' with message 'The system is unable to find the requested action "ico".' in /var/www/_includes/yii-1.1.14/framework/web/CController.php:483
Stack trace:
#0 /var/www/_includes/yii-1.1.14/framework/web/CController.php(270): CController->missingAction('ico')
#1 /var/www/_includes/yii-1.1.14/framework/web/CWebApplication.php(282): CController->run('ico')
#2 /var/www/_includes/yii-1.1.14/framework/web/CWebApplication.php(141): CWebApplication->runController('demo/ico/favico...')
#3 /var/www/_includes/yii-1.1.14/framework/base/CApplication.php(180): CWebApplication->processRequest()
#4 /var/www/YiiBootstrap3Project/index.php(16): CApplication->run()
#5 {main}
REQUEST_URI=/YiiBootstrap3Project/demo/ico/favicon.ico
---
2013/09/14 00:33:13 [trace] [system.CModule] Loading "log" application component
in /var/www/YiiBootstrap3Project/index.php (16)
2013/09/14 00:33:13 [trace] [system.CModule] Loading "request" application component
in /var/www/YiiBootstrap3Project/index.php (16)
2013/09/14 00:33:13 [trace] [system.CModule] Loading "urlManager" application component
in /var/www/YiiBootstrap3Project/index.php (16)
2013/09/14 00:33:13 [trace] [system.CModule] Loading "coreMessages" application component
in /var/www/YiiBootstrap3Project/index.php (16)
2013/09/14 00:33:13 [error] [exception.CHttpException.404] exception 'CHttpException' with message 'The system is unable to find the requested action "ico".' in /var/www/_includes/yii-1.1.14/framework/web/CController.php:483
Stack trace:
#0 /var/www/_includes/yii-1.1.14/framework/web/CController.php(270): CController->missingAction('ico')
#1 /var/www/_includes/yii-1.1.14/framework/web/CWebApplication.php(282): CController->run('ico')
#2 /var/www/_includes/yii-1.1.14/framework/web/CWebApplication.php(141): CWebApplication->runController('demo/ico/favico...')
#3 /var/www/_includes/yii-1.1.14/framework/base/CApplication.php(180): CWebApplication->processRequest()
#4 /var/www/YiiBootstrap3Project/index.php(16): CApplication->run()
#5 {main}
REQUEST_URI=/YiiBootstrap3Project/demo/ico/favicon.ico
---
2013/09/14 00:33:13 [trace] [system.CModule] Loading "errorHandler" application component
2013/09/14 00:33:13 [trace] [system.web.filters.CFilterChain] Running filter SiteController.filteraccessControl()
2013/09/14 00:33:13 [trace] [system.CModule] Loading "user" application component
2013/09/14 00:33:13 [trace] [system.CModule] Loading "session" application component
2013/09/14 00:33:13 [trace] [system.CModule] Loading "themeManager" application component
in /var/www/YiiBootstrap3Project/protected/controllers/SiteController.php (45)
2013/09/14 00:33:13 [trace] [system.CModule] Loading "clientScript" application component
in /var/www/YiiBootstrap3Project/protected/controllers/SiteController.php (45)
2013/09/14 00:33:19 [trace] [system.CModule] Loading "log" application component
in /var/www/YiiBootstrap3Project/index.php (16)
2013/09/14 00:33:19 [trace] [system.CModule] Loading "request" application component
in /var/www/YiiBootstrap3Project/index.php (16)
2013/09/14 00:33:19 [trace] [system.CModule] Loading "urlManager" application component
in /var/www/YiiBootstrap3Project/index.php (16)
2013/09/14 00:33:19 [trace] [system.web.filters.CFilterChain] Running filter DemoController.filteraccessControl()
in /var/www/YiiBootstrap3Project/index.php (16)
2013/09/14 00:33:19 [trace] [system.CModule] Loading "user" application component
in /var/www/YiiBootstrap3Project/index.php (16)
2013/09/14 00:33:19 [trace] [system.CModule] Loading "session" application component
in /var/www/YiiBootstrap3Project/index.php (16)
2013/09/14 00:33:19 [trace] [system.CModule] Loading "themeManager" application component
in /var/www/YiiBootstrap3Project/protected/controllers/DemoController.php (10)
in /var/www/YiiBootstrap3Project/index.php (16)
2013/09/14 00:33:19 [trace] [system.CModule] Loading "clientScript" application component
in /var/www/YiiBootstrap3Project/protected/controllers/DemoController.php (10)
in /var/www/YiiBootstrap3Project/index.php (16)
2013/09/14 00:33:21 [trace] [system.CModule] Loading "log" application component
in /var/www/YiiBootstrap3Project/index.php (16)
2013/09/14 00:33:21 [trace] [system.CModule] Loading "request" application component
in /var/www/YiiBootstrap3Project/index.php (16)
2013/09/14 00:33:21 [trace] [system.CModule] Loading "urlManager" application component
in /var/www/YiiBootstrap3Project/index.php (16)
2013/09/14 00:33:21 [trace] [system.web.filters.CFilterChain] Running filter DemoController.filteraccessControl()
in /var/www/YiiBootstrap3Project/index.php (16)
2013/09/14 00:33:21 [trace] [system.CModule] Loading "user" application component
in /var/www/YiiBootstrap3Project/index.php (16)
2013/09/14 00:33:21 [trace] [system.CModule] Loading "session" application component
in /var/www/YiiBootstrap3Project/index.php (16)
2013/09/14 00:33:21 [trace] [system.CModule] Loading "themeManager" application component
in /var/www/YiiBootstrap3Project/protected/controllers/DemoController.php (20)
in /var/www/YiiBootstrap3Project/index.php (16)
2013/09/14 00:33:21 [trace] [system.CModule] Loading "clientScript" application component
in /var/www/YiiBootstrap3Project/protected/controllers/DemoController.php (20)
in /var/www/YiiBootstrap3Project/index.php (16)
2013/09/14 00:33:22 [trace] [system.CModule] Loading "log" application component
in /var/www/YiiBootstrap3Project/index.php (16)
2013/09/14 00:33:22 [trace] [system.CModule] Loading "request" application component
in /var/www/YiiBootstrap3Project/index.php (16)
2013/09/14 00:33:22 [trace] [system.CModule] Loading "urlManager" application component
in /var/www/YiiBootstrap3Project/index.php (16)
2013/09/14 00:33:22 [trace] [system.web.filters.CFilterChain] Running filter DemoController.filteraccessControl()
in /var/www/YiiBootstrap3Project/index.php (16)
2013/09/14 00:33:22 [trace] [system.CModule] Loading "user" application component
in /var/www/YiiBootstrap3Project/index.php (16)
2013/09/14 00:33:22 [trace] [system.CModule] Loading "session" application component
in /var/www/YiiBootstrap3Project/index.php (16)
2013/09/14 00:33:22 [trace] [system.CModule] Loading "themeManager" application component
in /var/www/YiiBootstrap3Project/protected/controllers/DemoController.php (25)
in /var/www/YiiBootstrap3Project/index.php (16)
2013/09/14 00:33:22 [trace] [system.CModule] Loading "widgetFactory" application component
in /var/www/YiiBootstrap3Project/protected/views/demo/panel.php (10)
in /var/www/YiiBootstrap3Project/protected/controllers/DemoController.php (25)
in /var/www/YiiBootstrap3Project/index.php (16)
2013/09/14 00:33:22 [trace] [system.CModule] Loading "clientScript" application component
in /var/www/YiiBootstrap3Project/protected/controllers/DemoController.php (25)
in /var/www/YiiBootstrap3Project/index.php (16)
2013/09/14 00:34:35 [trace] [system.CModule] Loading "log" application component
in /var/www/YiiBootstrap3Project/index.php (16)
2013/09/14 00:34:35 [trace] [system.CModule] Loading "request" application component
in /var/www/YiiBootstrap3Project/index.php (16)
2013/09/14 00:34:35 [trace] [system.CModule] Loading "urlManager" application component
in /var/www/YiiBootstrap3Project/index.php (16)
2013/09/14 00:34:35 [trace] [system.base.CModule] Loading "gii" module
in /var/www/YiiBootstrap3Project/index.php (16)
2013/09/14 00:34:35 [trace] [system.CModule] Loading "user" application component
in /var/www/YiiBootstrap3Project/index.php (16)
2013/09/14 00:34:35 [trace] [system.CModule] Loading "session" application component
in /var/www/YiiBootstrap3Project/index.php (16)
2013/09/14 00:34:35 [trace] [system.CModule] Loading "themeManager" application component
in /var/www/YiiBootstrap3Project/index.php (16)
2013/09/14 00:34:35 [trace] [system.CModule] Loading "widgetFactory" application component
in /var/www/YiiBootstrap3Project/index.php (16)
2013/09/14 00:34:35 [trace] [system.CModule] Loading "clientScript" application component
in /var/www/YiiBootstrap3Project/index.php (16)
2013/09/14 00:34:35 [trace] [system.CModule] Loading "assetManager" application component
in /var/www/YiiBootstrap3Project/index.php (16)
2013/09/14 00:34:35 [trace] [system.CModule] Loading "coreMessages" application component
in /var/www/YiiBootstrap3Project/index.php (16)
2013/09/14 00:34:37 [error] [exception.CDbException] exception 'CDbException' with message 'CDbConnection failed to open the DB connection: SQLSTATE[HY000] [2002] Can't connect to local MySQL server through socket '/var/run/mysqld/mysqld.sock' (2)' in /var/www/_includes/yii-1.1.14/framework/db/CDbConnection.php:382
Stack trace:
#0 /var/www/_includes/yii-1.1.14/framework/db/CDbConnection.php(330): CDbConnection->open()
#1 /var/www/_includes/yii-1.1.14/framework/db/CDbConnection.php(308): CDbConnection->setActive(true)
#2 /var/www/_includes/yii-1.1.14/framework/base/CModule.php(387): CDbConnection->init()
#3 /var/www/_includes/yii-1.1.14/framework/base/CModule.php(103): CModule->getComponent('db')
#4 /var/www/_includes/yii-1.1.14/framework/gii/generators/crud/CrudCode.php(44): CModule->__get('db')
#5 /var/www/_includes/yii-1.1.14/framework/web/CFormModel.php(39): CrudCode->init()
#6 /var/www/_includes/yii-1.1.14/framework/gii/CCodeGenerator.php(153): CFormModel->__construct()
#7 /var/www/_includes/yii-1.1.14/framework/gii/CCodeGenerator.php(63): CCodeGenerator->prepare()
#8 /var/www/_includes/yii-1.1.14/framework/web/actions/CInlineAction.php(49): CCodeGenerator->actionIndex()
#9 /var/www/_includes/yii-1.1.14/framework/web/CController.php(308): CInlineAction->runWithParams(Array)
#10 /var/www/_includes/yii-1.1.14/framework/web/CController.php(286): CController->runAction(Object(CInlineAction))
#11 /var/www/_includes/yii-1.1.14/framework/web/CController.php(265): CController->runActionWithFilters(Object(CInlineAction), Array)
#12 /var/www/_includes/yii-1.1.14/framework/web/CWebApplication.php(282): CController->run('index')
#13 /var/www/_includes/yii-1.1.14/framework/web/CWebApplication.php(141): CWebApplication->runController('gii/crud/index')
#14 /var/www/_includes/yii-1.1.14/framework/base/CApplication.php(180): CWebApplication->processRequest()
#15 /var/www/YiiBootstrap3Project/index.php(16): CApplication->run()
#16 {main}
REQUEST_URI=/YiiBootstrap3Project/gii/crud/index
HTTP_REFERER=http://webdev/YiiBootstrap3Project/gii
---
2013/09/14 00:34:37 [trace] [system.CModule] Loading "log" application component
in /var/www/YiiBootstrap3Project/index.php (16)
2013/09/14 00:34:37 [trace] [system.CModule] Loading "request" application component
in /var/www/YiiBootstrap3Project/index.php (16)
2013/09/14 00:34:37 [trace] [system.CModule] Loading "urlManager" application component
in /var/www/YiiBootstrap3Project/index.php (16)
2013/09/14 00:34:37 [trace] [system.base.CModule] Loading "gii" module
in /var/www/YiiBootstrap3Project/index.php (16)
2013/09/14 00:34:37 [trace] [system.CModule] Loading "user" application component
in /var/www/YiiBootstrap3Project/index.php (16)
2013/09/14 00:34:37 [trace] [system.CModule] Loading "session" application component
in /var/www/YiiBootstrap3Project/index.php (16)
2013/09/14 00:34:37 [trace] [system.CModule] Loading "db" application component
in /var/www/YiiBootstrap3Project/index.php (16)
2013/09/14 00:34:37 [trace] [system.db.CDbConnection] Opening DB connection
in /var/www/YiiBootstrap3Project/index.php (16)
2013/09/14 00:34:37 [error] [exception.CDbException] exception 'CDbException' with message 'CDbConnection failed to open the DB connection: SQLSTATE[HY000] [2002] Can't connect to local MySQL server through socket '/var/run/mysqld/mysqld.sock' (2)' in /var/www/_includes/yii-1.1.14/framework/db/CDbConnection.php:382
Stack trace:
#0 /var/www/_includes/yii-1.1.14/framework/db/CDbConnection.php(330): CDbConnection->open()
#1 /var/www/_includes/yii-1.1.14/framework/db/CDbConnection.php(308): CDbConnection->setActive(true)
#2 /var/www/_includes/yii-1.1.14/framework/base/CModule.php(387): CDbConnection->init()
#3 /var/www/_includes/yii-1.1.14/framework/base/CModule.php(103): CModule->getComponent('db')
#4 /var/www/_includes/yii-1.1.14/framework/gii/generators/crud/CrudCode.php(44): CModule->__get('db')
#5 /var/www/_includes/yii-1.1.14/framework/web/CFormModel.php(39): CrudCode->init()
#6 /var/www/_includes/yii-1.1.14/framework/gii/CCodeGenerator.php(153): CFormModel->__construct()
#7 /var/www/_includes/yii-1.1.14/framework/gii/CCodeGenerator.php(63): CCodeGenerator->prepare()
#8 /var/www/_includes/yii-1.1.14/framework/web/actions/CInlineAction.php(49): CCodeGenerator->actionIndex()
#9 /var/www/_includes/yii-1.1.14/framework/web/CController.php(308): CInlineAction->runWithParams(Array)
#10 /var/www/_includes/yii-1.1.14/framework/web/CController.php(286): CController->runAction(Object(CInlineAction))
#11 /var/www/_includes/yii-1.1.14/framework/web/CController.php(265): CController->runActionWithFilters(Object(CInlineAction), Array)
#12 /var/www/_includes/yii-1.1.14/framework/web/CWebApplication.php(282): CController->run('index')
#13 /var/www/_includes/yii-1.1.14/framework/web/CWebApplication.php(141): CWebApplication->runController('gii/crud/index')
#14 /var/www/_includes/yii-1.1.14/framework/base/CApplication.php(180): CWebApplication->processRequest()
#15 /var/www/YiiBootstrap3Project/index.php(16): CApplication->run()
#16 {main}
REQUEST_URI=/YiiBootstrap3Project/gii/crud/index
HTTP_REFERER=http://webdev/YiiBootstrap3Project/gii
---
2013/09/14 00:34:37 [trace] [system.CModule] Loading "errorHandler" application component
2013/09/14 00:34:37 [trace] [system.CModule] Loading "themeManager" application component
2013/09/14 00:35:40 [error] [exception.CDbException] exception 'CDbException' with message 'CDbConnection failed to open the DB connection: SQLSTATE[42000] [1049] Unknown database 'testdrive'' in /var/www/_includes/yii-1.1.14/framework/db/CDbConnection.php:382
Stack trace:
#0 /var/www/_includes/yii-1.1.14/framework/db/CDbConnection.php(330): CDbConnection->open()
#1 /var/www/_includes/yii-1.1.14/framework/db/CDbConnection.php(308): CDbConnection->setActive(true)
#2 /var/www/_includes/yii-1.1.14/framework/base/CModule.php(387): CDbConnection->init()
#3 /var/www/_includes/yii-1.1.14/framework/base/CModule.php(103): CModule->getComponent('db')
#4 /var/www/_includes/yii-1.1.14/framework/gii/generators/crud/CrudCode.php(44): CModule->__get('db')
#5 /var/www/_includes/yii-1.1.14/framework/web/CFormModel.php(39): CrudCode->init()
#6 /var/www/_includes/yii-1.1.14/framework/gii/CCodeGenerator.php(153): CFormModel->__construct()
#7 /var/www/_includes/yii-1.1.14/framework/gii/CCodeGenerator.php(63): CCodeGenerator->prepare()
#8 /var/www/_includes/yii-1.1.14/framework/web/actions/CInlineAction.php(49): CCodeGenerator->actionIndex()
#9 /var/www/_includes/yii-1.1.14/framework/web/CController.php(308): CInlineAction->runWithParams(Array)
#10 /var/www/_includes/yii-1.1.14/framework/web/CController.php(286): CController->runAction(Object(CInlineAction))
#11 /var/www/_includes/yii-1.1.14/framework/web/CController.php(265): CController->runActionWithFilters(Object(CInlineAction), Array)
#12 /var/www/_includes/yii-1.1.14/framework/web/CWebApplication.php(282): CController->run('index')
#13 /var/www/_includes/yii-1.1.14/framework/web/CWebApplication.php(141): CWebApplication->runController('gii/crud/index')
#14 /var/www/_includes/yii-1.1.14/framework/base/CApplication.php(180): CWebApplication->processRequest()
#15 /var/www/YiiBootstrap3Project/index.php(16): CApplication->run()
#16 {main}
REQUEST_URI=/YiiBootstrap3Project/gii/crud/index
HTTP_REFERER=http://webdev/YiiBootstrap3Project/gii
---
2013/09/14 00:35:40 [trace] [system.CModule] Loading "log" application component
in /var/www/YiiBootstrap3Project/index.php (16)
2013/09/14 00:35:40 [trace] [system.CModule] Loading "request" application component
in /var/www/YiiBootstrap3Project/index.php (16)
2013/09/14 00:35:40 [trace] [system.CModule] Loading "urlManager" application component
in /var/www/YiiBootstrap3Project/index.php (16)
2013/09/14 00:35:40 [trace] [system.base.CModule] Loading "gii" module
in /var/www/YiiBootstrap3Project/index.php (16)
2013/09/14 00:35:40 [trace] [system.CModule] Loading "user" application component
in /var/www/YiiBootstrap3Project/index.php (16)
2013/09/14 00:35:40 [trace] [system.CModule] Loading "session" application component
in /var/www/YiiBootstrap3Project/index.php (16)
2013/09/14 00:35:40 [trace] [system.CModule] Loading "db" application component
in /var/www/YiiBootstrap3Project/index.php (16)
2013/09/14 00:35:40 [trace] [system.db.CDbConnection] Opening DB connection
in /var/www/YiiBootstrap3Project/index.php (16)
2013/09/14 00:35:40 [error] [exception.CDbException] exception 'CDbException' with message 'CDbConnection failed to open the DB connection: SQLSTATE[42000] [1049] Unknown database 'testdrive'' in /var/www/_includes/yii-1.1.14/framework/db/CDbConnection.php:382
Stack trace:
#0 /var/www/_includes/yii-1.1.14/framework/db/CDbConnection.php(330): CDbConnection->open()
#1 /var/www/_includes/yii-1.1.14/framework/db/CDbConnection.php(308): CDbConnection->setActive(true)
#2 /var/www/_includes/yii-1.1.14/framework/base/CModule.php(387): CDbConnection->init()
#3 /var/www/_includes/yii-1.1.14/framework/base/CModule.php(103): CModule->getComponent('db')
#4 /var/www/_includes/yii-1.1.14/framework/gii/generators/crud/CrudCode.php(44): CModule->__get('db')
#5 /var/www/_includes/yii-1.1.14/framework/web/CFormModel.php(39): CrudCode->init()
#6 /var/www/_includes/yii-1.1.14/framework/gii/CCodeGenerator.php(153): CFormModel->__construct()
#7 /var/www/_includes/yii-1.1.14/framework/gii/CCodeGenerator.php(63): CCodeGenerator->prepare()
#8 /var/www/_includes/yii-1.1.14/framework/web/actions/CInlineAction.php(49): CCodeGenerator->actionIndex()
#9 /var/www/_includes/yii-1.1.14/framework/web/CController.php(308): CInlineAction->runWithParams(Array)
#10 /var/www/_includes/yii-1.1.14/framework/web/CController.php(286): CController->runAction(Object(CInlineAction))
#11 /var/www/_includes/yii-1.1.14/framework/web/CController.php(265): CController->runActionWithFilters(Object(CInlineAction), Array)
#12 /var/www/_includes/yii-1.1.14/framework/web/CWebApplication.php(282): CController->run('index')
#13 /var/www/_includes/yii-1.1.14/framework/web/CWebApplication.php(141): CWebApplication->runController('gii/crud/index')
#14 /var/www/_includes/yii-1.1.14/framework/base/CApplication.php(180): CWebApplication->processRequest()
#15 /var/www/YiiBootstrap3Project/index.php(16): CApplication->run()
#16 {main}
REQUEST_URI=/YiiBootstrap3Project/gii/crud/index
HTTP_REFERER=http://webdev/YiiBootstrap3Project/gii
---
2013/09/14 00:35:40 [trace] [system.CModule] Loading "errorHandler" application component
2013/09/14 00:35:40 [trace] [system.CModule] Loading "themeManager" application component
2013/09/14 00:40:59 [error] [exception.CDbException] exception 'CDbException' with message 'CDbConnection failed to open the DB connection: SQLSTATE[42000] [1049] Unknown database 'testdrive'' in /var/www/_includes/yii-1.1.14/framework/db/CDbConnection.php:382
Stack trace:
#0 /var/www/_includes/yii-1.1.14/framework/db/CDbConnection.php(330): CDbConnection->open()
#1 /var/www/_includes/yii-1.1.14/framework/db/CDbConnection.php(308): CDbConnection->setActive(true)
#2 /var/www/_includes/yii-1.1.14/framework/base/CModule.php(387): CDbConnection->init()
#3 /var/www/_includes/yii-1.1.14/framework/base/CModule.php(103): CModule->getComponent('db')
#4 /var/www/_includes/yii-1.1.14/framework/gii/generators/crud/CrudCode.php(44): CModule->__get('db')
#5 /var/www/_includes/yii-1.1.14/framework/web/CFormModel.php(39): CrudCode->init()
#6 /var/www/_includes/yii-1.1.14/framework/gii/CCodeGenerator.php(153): CFormModel->__construct()
#7 /var/www/_includes/yii-1.1.14/framework/gii/CCodeGenerator.php(63): CCodeGenerator->prepare()
#8 /var/www/_includes/yii-1.1.14/framework/web/actions/CInlineAction.php(49): CCodeGenerator->actionIndex()
#9 /var/www/_includes/yii-1.1.14/framework/web/CController.php(308): CInlineAction->runWithParams(Array)
#10 /var/www/_includes/yii-1.1.14/framework/web/CController.php(286): CController->runAction(Object(CInlineAction))
#11 /var/www/_includes/yii-1.1.14/framework/web/CController.php(265): CController->runActionWithFilters(Object(CInlineAction), Array)
#12 /var/www/_includes/yii-1.1.14/framework/web/CWebApplication.php(282): CController->run('index')
#13 /var/www/_includes/yii-1.1.14/framework/web/CWebApplication.php(141): CWebApplication->runController('gii/crud/index')
#14 /var/www/_includes/yii-1.1.14/framework/base/CApplication.php(180): CWebApplication->processRequest()
#15 /var/www/YiiBootstrap3Project/index.php(16): CApplication->run()
#16 {main}
REQUEST_URI=/YiiBootstrap3Project/gii/crud/index
HTTP_REFERER=http://webdev/YiiBootstrap3Project/gii
---
2013/09/14 00:40:59 [trace] [system.CModule] Loading "log" application component
in /var/www/YiiBootstrap3Project/index.php (16)
2013/09/14 00:40:59 [trace] [system.CModule] Loading "request" application component
in /var/www/YiiBootstrap3Project/index.php (16)
2013/09/14 00:40:59 [trace] [system.CModule] Loading "urlManager" application component
in /var/www/YiiBootstrap3Project/index.php (16)
2013/09/14 00:40:59 [trace] [system.base.CModule] Loading "gii" module
in /var/www/YiiBootstrap3Project/index.php (16)
2013/09/14 00:40:59 [trace] [system.CModule] Loading "user" application component
in /var/www/YiiBootstrap3Project/index.php (16)
2013/09/14 00:40:59 [trace] [system.CModule] Loading "session" application component
in /var/www/YiiBootstrap3Project/index.php (16)
2013/09/14 00:40:59 [trace] [system.CModule] Loading "db" application component
in /var/www/YiiBootstrap3Project/index.php (16)
2013/09/14 00:40:59 [trace] [system.db.CDbConnection] Opening DB connection
in /var/www/YiiBootstrap3Project/index.php (16)
2013/09/14 00:40:59 [error] [exception.CDbException] exception 'CDbException' with message 'CDbConnection failed to open the DB connection: SQLSTATE[42000] [1049] Unknown database 'testdrive'' in /var/www/_includes/yii-1.1.14/framework/db/CDbConnection.php:382
Stack trace:
#0 /var/www/_includes/yii-1.1.14/framework/db/CDbConnection.php(330): CDbConnection->open()
#1 /var/www/_includes/yii-1.1.14/framework/db/CDbConnection.php(308): CDbConnection->setActive(true)
#2 /var/www/_includes/yii-1.1.14/framework/base/CModule.php(387): CDbConnection->init()
#3 /var/www/_includes/yii-1.1.14/framework/base/CModule.php(103): CModule->getComponent('db')
#4 /var/www/_includes/yii-1.1.14/framework/gii/generators/crud/CrudCode.php(44): CModule->__get('db')
#5 /var/www/_includes/yii-1.1.14/framework/web/CFormModel.php(39): CrudCode->init()
#6 /var/www/_includes/yii-1.1.14/framework/gii/CCodeGenerator.php(153): CFormModel->__construct()
#7 /var/www/_includes/yii-1.1.14/framework/gii/CCodeGenerator.php(63): CCodeGenerator->prepare()
#8 /var/www/_includes/yii-1.1.14/framework/web/actions/CInlineAction.php(49): CCodeGenerator->actionIndex()
#9 /var/www/_includes/yii-1.1.14/framework/web/CController.php(308): CInlineAction->runWithParams(Array)
#10 /var/www/_includes/yii-1.1.14/framework/web/CController.php(286): CController->runAction(Object(CInlineAction))
#11 /var/www/_includes/yii-1.1.14/framework/web/CController.php(265): CController->runActionWithFilters(Object(CInlineAction), Array)
#12 /var/www/_includes/yii-1.1.14/framework/web/CWebApplication.php(282): CController->run('index')
#13 /var/www/_includes/yii-1.1.14/framework/web/CWebApplication.php(141): CWebApplication->runController('gii/crud/index')
#14 /var/www/_includes/yii-1.1.14/framework/base/CApplication.php(180): CWebApplication->processRequest()
#15 /var/www/YiiBootstrap3Project/index.php(16): CApplication->run()
#16 {main}
REQUEST_URI=/YiiBootstrap3Project/gii/crud/index
HTTP_REFERER=http://webdev/YiiBootstrap3Project/gii
---
2013/09/14 00:40:59 [trace] [system.CModule] Loading "errorHandler" application component
2013/09/14 00:40:59 [trace] [system.CModule] Loading "themeManager" application component
2013/09/14 00:41:08 [trace] [system.CModule] Loading "log" application component
in /var/www/YiiBootstrap3Project/index.php (16)
2013/09/14 00:41:08 [trace] [system.CModule] Loading "request" application component
in /var/www/YiiBootstrap3Project/index.php (16)
2013/09/14 00:41:08 [trace] [system.CModule] Loading "urlManager" application component
in /var/www/YiiBootstrap3Project/index.php (16)
2013/09/14 00:41:08 [trace] [system.base.CModule] Loading "gii" module
in /var/www/YiiBootstrap3Project/index.php (16)
2013/09/14 00:41:08 [trace] [system.CModule] Loading "user" application component
in /var/www/YiiBootstrap3Project/index.php (16)
2013/09/14 00:41:08 [trace] [system.CModule] Loading "session" application component
in /var/www/YiiBootstrap3Project/index.php (16)
2013/09/14 00:41:08 [trace] [system.CModule] Loading "db" application component
in /var/www/YiiBootstrap3Project/index.php (16)
2013/09/14 00:41:08 [trace] [system.db.CDbConnection] Opening DB connection
in /var/www/YiiBootstrap3Project/index.php (16)
2013/09/14 00:41:08 [trace] [system.CModule] Loading "themeManager" application component
in /var/www/YiiBootstrap3Project/index.php (16)
2013/09/14 00:41:08 [trace] [system.CModule] Loading "clientScript" application component
in /var/www/YiiBootstrap3Project/index.php (16)
2013/09/14 00:41:08 [trace] [system.CModule] Loading "widgetFactory" application component
in /var/www/YiiBootstrap3Project/index.php (16)
2013/09/14 00:41:08 [trace] [system.CModule] Loading "assetManager" application component
in /var/www/YiiBootstrap3Project/index.php (16)
2013/09/14 00:41:08 [trace] [system.CModule] Loading "coreMessages" application component
in /var/www/YiiBootstrap3Project/index.php (16)
2013/09/14 00:41:11 [trace] [system.CModule] Loading "log" application component
in /var/www/YiiBootstrap3Project/index.php (16)
2013/09/14 00:41:11 [trace] [system.CModule] Loading "request" application component
in /var/www/YiiBootstrap3Project/index.php (16)
2013/09/14 00:41:11 [trace] [system.CModule] Loading "urlManager" application component
in /var/www/YiiBootstrap3Project/index.php (16)
2013/09/14 00:41:11 [trace] [system.base.CModule] Loading "gii" module
in /var/www/YiiBootstrap3Project/index.php (16)
2013/09/14 00:41:11 [trace] [system.CModule] Loading "user" application component
in /var/www/YiiBootstrap3Project/index.php (16)
2013/09/14 00:41:11 [trace] [system.CModule] Loading "session" application component
in /var/www/YiiBootstrap3Project/index.php (16)
2013/09/14 00:41:11 [trace] [system.CModule] Loading "db" application component
in /var/www/YiiBootstrap3Project/index.php (16)
2013/09/14 00:41:11 [trace] [system.db.CDbConnection] Opening DB connection
in /var/www/YiiBootstrap3Project/index.php (16)
2013/09/14 00:41:11 [trace] [system.CModule] Loading "themeManager" application component
in /var/www/YiiBootstrap3Project/index.php (16)
2013/09/14 00:41:11 [trace] [system.CModule] Loading "clientScript" application component
in /var/www/YiiBootstrap3Project/index.php (16)
2013/09/14 00:41:11 [trace] [system.CModule] Loading "widgetFactory" application component
in /var/www/YiiBootstrap3Project/index.php (16)
2013/09/14 00:41:11 [trace] [system.CModule] Loading "assetManager" application component
in /var/www/YiiBootstrap3Project/index.php (16)
2013/09/14 00:41:11 [trace] [system.CModule] Loading "coreMessages" application component
in /var/www/YiiBootstrap3Project/index.php (16)
2013/09/14 00:41:19 [trace] [system.CModule] Loading "log" application component
in /var/www/YiiBootstrap3Project/index.php (16)
2013/09/14 00:41:19 [trace] [system.CModule] Loading "request" application component
in /var/www/YiiBootstrap3Project/index.php (16)
2013/09/14 00:41:19 [trace] [system.CModule] Loading "urlManager" application component
in /var/www/YiiBootstrap3Project/index.php (16)
2013/09/14 00:41:19 [trace] [system.base.CModule] Loading "gii" module
in /var/www/YiiBootstrap3Project/index.php (16)
2013/09/14 00:41:19 [trace] [system.CModule] Loading "user" application component
in /var/www/YiiBootstrap3Project/index.php (16)
2013/09/14 00:41:19 [trace] [system.CModule] Loading "session" application component
in /var/www/YiiBootstrap3Project/index.php (16)
2013/09/14 00:41:19 [trace] [system.CModule] Loading "db" application component
in /var/www/YiiBootstrap3Project/index.php (16)
2013/09/14 00:41:19 [trace] [system.db.CDbConnection] Opening DB connection
in /var/www/YiiBootstrap3Project/index.php (16)
2013/09/14 00:41:19 [trace] [system.CModule] Loading "coreMessages" application component
in /var/www/YiiBootstrap3Project/index.php (16)
2013/09/14 00:41:19 [trace] [system.CModule] Loading "themeManager" application component
in /var/www/YiiBootstrap3Project/index.php (16)
2013/09/14 00:41:19 [trace] [system.CModule] Loading "clientScript" application component
in /var/www/YiiBootstrap3Project/index.php (16)
2013/09/14 00:41:19 [trace] [system.CModule] Loading "widgetFactory" application component
in /var/www/YiiBootstrap3Project/index.php (16)
2013/09/14 00:41:19 [trace] [system.CModule] Loading "assetManager" application component
in /var/www/YiiBootstrap3Project/index.php (16)
2013/09/14 00:41:37 [trace] [system.CModule] Loading "log" application component
2013/09/14 00:41:37 [trace] [system.CModule] Loading "request" application component
2013/09/14 00:41:37 [trace] [system.CModule] Loading "urlManager" application component
2013/09/14 00:41:37 [trace] [system.base.CModule] Loading "gii" module
2013/09/14 00:41:37 [trace] [system.CModule] Loading "user" application component
2013/09/14 00:41:37 [trace] [system.CModule] Loading "session" application component
2013/09/14 00:41:37 [trace] [system.CModule] Loading "db" application component
2013/09/14 00:41:37 [trace] [system.db.CDbConnection] Opening DB connection
2013/09/14 00:41:37 [trace] [system.CModule] Loading "coreMessages" application component
2013/09/14 00:41:37 [trace] [system.CModule] Loading "themeManager" application component
2013/09/14 00:41:37 [trace] [system.CModule] Loading "clientScript" application component
2013/09/14 00:41:37 [trace] [system.CModule] Loading "widgetFactory" application component
2013/09/14 00:41:37 [trace] [system.CModule] Loading "assetManager" application component
2013/09/14 00:42:20 [trace] [system.CModule] Loading "log" application component
in /var/www/YiiBootstrap3Project/index.php (16)
2013/09/14 00:42:20 [trace] [system.CModule] Loading "request" application component
in /var/www/YiiBootstrap3Project/index.php (16)
2013/09/14 00:42:20 [trace] [system.CModule] Loading "urlManager" application component
in /var/www/YiiBootstrap3Project/index.php (16)
2013/09/14 00:42:20 [trace] [system.base.CModule] Loading "gii" module
in /var/www/YiiBootstrap3Project/index.php (16)
2013/09/14 00:42:20 [trace] [system.CModule] Loading "user" application component
in /var/www/YiiBootstrap3Project/index.php (16)
2013/09/14 00:42:20 [trace] [system.CModule] Loading "session" application component
in /var/www/YiiBootstrap3Project/index.php (16)
2013/09/14 00:42:20 [trace] [system.CModule] Loading "db" application component
in /var/www/YiiBootstrap3Project/index.php (16)
2013/09/14 00:42:20 [trace] [system.db.CDbConnection] Opening DB connection
in /var/www/YiiBootstrap3Project/index.php (16)
2013/09/14 00:42:20 [trace] [system.CModule] Loading "coreMessages" application component
in /var/www/YiiBootstrap3Project/index.php (16)
2013/09/14 00:42:20 [trace] [system.CModule] Loading "themeManager" application component
in /var/www/YiiBootstrap3Project/index.php (16)
2013/09/14 00:42:20 [trace] [system.CModule] Loading "clientScript" application component
in /var/www/YiiBootstrap3Project/index.php (16)
2013/09/14 00:42:20 [trace] [system.CModule] Loading "widgetFactory" application component
in /var/www/YiiBootstrap3Project/index.php (16)
2013/09/14 00:42:20 [trace] [system.CModule] Loading "assetManager" application component
in /var/www/YiiBootstrap3Project/index.php (16)
2013/09/14 00:43:39 [trace] [system.CModule] Loading "log" application component
in /var/www/YiiBootstrap3Project/index.php (16)
2013/09/14 00:43:39 [trace] [system.CModule] Loading "request" application component
in /var/www/YiiBootstrap3Project/index.php (16)
2013/09/14 00:43:39 [trace] [system.CModule] Loading "urlManager" application component
in /var/www/YiiBootstrap3Project/index.php (16)
2013/09/14 00:43:39 [trace] [system.base.CModule] Loading "gii" module
in /var/www/YiiBootstrap3Project/index.php (16)
2013/09/14 00:43:39 [trace] [system.CModule] Loading "user" application component
in /var/www/YiiBootstrap3Project/index.php (16)
2013/09/14 00:43:39 [trace] [system.CModule] Loading "session" application component
in /var/www/YiiBootstrap3Project/index.php (16)
2013/09/14 00:43:39 [trace] [system.CModule] Loading "db" application component
in /var/www/YiiBootstrap3Project/index.php (16)
2013/09/14 00:43:39 [trace] [system.db.CDbConnection] Opening DB connection
in /var/www/YiiBootstrap3Project/index.php (16)
2013/09/14 00:43:39 [trace] [system.CModule] Loading "coreMessages" application component
in /var/www/YiiBootstrap3Project/index.php (16)
2013/09/14 00:43:39 [trace] [system.CModule] Loading "themeManager" application component
in /var/www/YiiBootstrap3Project/index.php (16)
2013/09/14 00:43:39 [trace] [system.CModule] Loading "clientScript" application component
in /var/www/YiiBootstrap3Project/index.php (16)
2013/09/14 00:43:39 [trace] [system.CModule] Loading "widgetFactory" application component
in /var/www/YiiBootstrap3Project/index.php (16)
2013/09/14 00:43:39 [trace] [system.CModule] Loading "assetManager" application component
in /var/www/YiiBootstrap3Project/index.php (16)
2013/09/14 00:43:43 [trace] [system.CModule] Loading "log" application component
in /var/www/YiiBootstrap3Project/index.php (16)
2013/09/14 00:43:43 [trace] [system.CModule] Loading "request" application component
in /var/www/YiiBootstrap3Project/index.php (16)
2013/09/14 00:43:43 [trace] [system.CModule] Loading "urlManager" application component
in /var/www/YiiBootstrap3Project/index.php (16)
2013/09/14 00:43:43 [trace] [system.web.filters.CFilterChain] Running filter DemoController.filteraccessControl()
in /var/www/YiiBootstrap3Project/index.php (16)
2013/09/14 00:43:43 [trace] [system.CModule] Loading "user" application component
in /var/www/YiiBootstrap3Project/index.php (16)
2013/09/14 00:43:43 [trace] [system.CModule] Loading "session" application component
in /var/www/YiiBootstrap3Project/index.php (16)
2013/09/14 00:43:43 [trace] [system.CModule] Loading "themeManager" application component
in /var/www/YiiBootstrap3Project/protected/controllers/DemoController.php (25)
in /var/www/YiiBootstrap3Project/index.php (16)
2013/09/14 00:43:43 [trace] [system.CModule] Loading "widgetFactory" application component
in /var/www/YiiBootstrap3Project/protected/views/demo/panel.php (10)
in /var/www/YiiBootstrap3Project/protected/controllers/DemoController.php (25)
in /var/www/YiiBootstrap3Project/index.php (16)
2013/09/14 00:43:43 [trace] [system.CModule] Loading "clientScript" application component
in /var/www/YiiBootstrap3Project/protected/controllers/DemoController.php (25)
in /var/www/YiiBootstrap3Project/index.php (16)
2013/09/14 00:43:45 [trace] [system.CModule] Loading "log" application component
in /var/www/YiiBootstrap3Project/index.php (16)
2013/09/14 00:43:45 [trace] [system.CModule] Loading "request" application component
in /var/www/YiiBootstrap3Project/index.php (16)
2013/09/14 00:43:45 [trace] [system.CModule] Loading "urlManager" application component
in /var/www/YiiBootstrap3Project/index.php (16)
2013/09/14 00:43:45 [trace] [system.web.filters.CFilterChain] Running filter DemoController.filteraccessControl()
in /var/www/YiiBootstrap3Project/index.php (16)
2013/09/14 00:43:45 [trace] [system.CModule] Loading "user" application component
in /var/www/YiiBootstrap3Project/index.php (16)
2013/09/14 00:43:45 [trace] [system.CModule] Loading "session" application component
in /var/www/YiiBootstrap3Project/index.php (16)
2013/09/14 00:43:45 [trace] [system.CModule] Loading "themeManager" application component
in /var/www/YiiBootstrap3Project/protected/controllers/DemoController.php (25)
in /var/www/YiiBootstrap3Project/index.php (16)
2013/09/14 00:43:45 [trace] [system.CModule] Loading "widgetFactory" application component
in /var/www/YiiBootstrap3Project/protected/views/demo/panel.php (10)
in /var/www/YiiBootstrap3Project/protected/controllers/DemoController.php (25)
in /var/www/YiiBootstrap3Project/index.php (16)
2013/09/14 00:43:45 [trace] [system.CModule] Loading "clientScript" application component
in /var/www/YiiBootstrap3Project/protected/controllers/DemoController.php (25)
in /var/www/YiiBootstrap3Project/index.php (16)
2013/09/14 00:43:46 [trace] [system.CModule] Loading "log" application component
in /var/www/YiiBootstrap3Project/index.php (16)
2013/09/14 00:43:46 [trace] [system.CModule] Loading "request" application component
in /var/www/YiiBootstrap3Project/index.php (16)
2013/09/14 00:43:46 [trace] [system.CModule] Loading "urlManager" application component
in /var/www/YiiBootstrap3Project/index.php (16)
2013/09/14 00:43:46 [trace] [system.web.filters.CFilterChain] Running filter DemoController.filteraccessControl()
in /var/www/YiiBootstrap3Project/index.php (16)
2013/09/14 00:43:46 [trace] [system.CModule] Loading "user" application component
in /var/www/YiiBootstrap3Project/index.php (16)
2013/09/14 00:43:46 [trace] [system.CModule] Loading "session" application component
in /var/www/YiiBootstrap3Project/index.php (16)
2013/09/14 00:43:46 [trace] [system.CModule] Loading "themeManager" application component
in /var/www/YiiBootstrap3Project/protected/controllers/DemoController.php (10)
in /var/www/YiiBootstrap3Project/index.php (16)
2013/09/14 00:43:46 [trace] [system.CModule] Loading "clientScript" application component
in /var/www/YiiBootstrap3Project/protected/controllers/DemoController.php (10)
in /var/www/YiiBootstrap3Project/index.php (16)
2013/09/14 00:43:47 [trace] [system.CModule] Loading "log" application component
in /var/www/YiiBootstrap3Project/index.php (16)
2013/09/14 00:43:47 [trace] [system.CModule] Loading "request" application component
in /var/www/YiiBootstrap3Project/index.php (16)
2013/09/14 00:43:47 [trace] [system.CModule] Loading "urlManager" application component
in /var/www/YiiBootstrap3Project/index.php (16)
2013/09/14 00:43:47 [trace] [system.web.filters.CFilterChain] Running filter DemoController.filteraccessControl()
in /var/www/YiiBootstrap3Project/index.php (16)
2013/09/14 00:43:47 [trace] [system.CModule] Loading "user" application component
in /var/www/YiiBootstrap3Project/index.php (16)
2013/09/14 00:43:47 [trace] [system.CModule] Loading "session" application component
in /var/www/YiiBootstrap3Project/index.php (16)
2013/09/14 00:43:47 [trace] [system.CModule] Loading "themeManager" application component
in /var/www/YiiBootstrap3Project/protected/controllers/DemoController.php (25)
in /var/www/YiiBootstrap3Project/index.php (16)
2013/09/14 00:43:47 [trace] [system.CModule] Loading "widgetFactory" application component
in /var/www/YiiBootstrap3Project/protected/views/demo/panel.php (10)
in /var/www/YiiBootstrap3Project/protected/controllers/DemoController.php (25)
in /var/www/YiiBootstrap3Project/index.php (16)
2013/09/14 00:43:47 [trace] [system.CModule] Loading "clientScript" application component
in /var/www/YiiBootstrap3Project/protected/controllers/DemoController.php (25)
in /var/www/YiiBootstrap3Project/index.php (16)
2013/09/14 00:46:55 [trace] [system.CModule] Loading "log" application component
in /var/www/YiiBootstrap3Project/index.php (16)
2013/09/14 00:46:55 [trace] [system.CModule] Loading "request" application component
in /var/www/YiiBootstrap3Project/index.php (16)
2013/09/14 00:46:55 [trace] [system.CModule] Loading "urlManager" application component
in /var/www/YiiBootstrap3Project/index.php (16)
2013/09/14 00:46:55 [trace] [system.web.filters.CFilterChain] Running filter DemoController.filteraccessControl()
in /var/www/YiiBootstrap3Project/index.php (16)
2013/09/14 00:46:55 [trace] [system.CModule] Loading "user" application component
in /var/www/YiiBootstrap3Project/index.php (16)
2013/09/14 00:46:55 [trace] [system.CModule] Loading "session" application component
in /var/www/YiiBootstrap3Project/index.php (16)
2013/09/14 00:46:55 [trace] [system.CModule] Loading "themeManager" application component
in /var/www/YiiBootstrap3Project/protected/controllers/DemoController.php (25)
in /var/www/YiiBootstrap3Project/index.php (16)
2013/09/14 00:46:55 [trace] [system.CModule] Loading "widgetFactory" application component
in /var/www/YiiBootstrap3Project/protected/views/demo/panel.php (10)
in /var/www/YiiBootstrap3Project/protected/controllers/DemoController.php (25)
in /var/www/YiiBootstrap3Project/index.php (16)
2013/09/14 00:46:55 [trace] [system.CModule] Loading "clientScript" application component
in /var/www/YiiBootstrap3Project/protected/controllers/DemoController.php (25)
in /var/www/YiiBootstrap3Project/index.php (16)
